<?xml version="1.0" encoding="UTF-8"?>
<testng-results skipped="0" failed="0" ignored="0" total="2" passed="2">
  <reporter-output>
  </reporter-output>
  <suite name="Default suite" duration-ms="33594" started-at="2019-12-29T22:19:47 IST" finished-at="2019-12-29T22:20:20 IST">
    <groups>
    </groups>
    <test name="Default test" duration-ms="33594" started-at="2019-12-29T22:19:47 IST" finished-at="2019-12-29T22:20:20 IST">
      <class name="PackageFour.ComparePrices">
        <test-method status="PASS" signature="launchbrowser()[pri:0, instance:PackageFour.ComparePrices@3108bc]" name="launchbrowser" is-config="true" duration-ms="3517" started-at="2019-12-29T22:19:47 IST" finished-at="2019-12-29T22:19:50 IST">
          <reporter-output>
          </reporter-output>
        </test-method> <!-- launchbrowser -->
        <test-method status="PASS" signature="amazoniphonesearch()[pri:1, instance:PackageFour.ComparePrices@3108bc]" name="amazoniphonesearch" duration-ms="17175" started-at="2019-12-29T22:19:50 IST" finished-at="2019-12-29T22:20:07 IST">
          <reporter-output>
          </reporter-output>
        </test-method> <!-- amazoniphonesearch -->
        <test-method status="PASS" signature="flipkartphonesearch()[pri:2, instance:PackageFour.ComparePrices@3108bc]" name="flipkartphonesearch" duration-ms="11892" started-at="2019-12-29T22:20:07 IST" finished-at="2019-12-29T22:20:19 IST">
          <reporter-output>
          </reporter-output>
        </test-method> <!-- flipkartphonesearch -->
        <test-method status="PASS" signature="closebrowser()[pri:0, instance:PackageFour.ComparePrices@3108bc]" name="closebrowser" is-config="true" duration-ms="977" started-at="2019-12-29T22:20:19 IST" finished-at="2019-12-29T22:20:20 IST">
          <reporter-output>
          </reporter-output>
        </test-method> <!-- closebrowser -->
      </class> <!-- PackageFour.ComparePrices -->
    </test> <!-- Default test -->
  </suite> <!-- Default suite -->
</testng-results>
